In file included from [01m[K/root/AirStack/ros_ws/src/robot/autonomy/planning/local/disparity_expansion/src/disparity_conv.cpp:42[m[K:
[01m[K/opt/ros/humble/include/pcl_ros/point_cloud.hpp:45:10:[m[K [01;31m[Kfatal error: [m[Kros/ros.h: No such file or directory
   45 | #include [01;31m[K<ros/ros.h>[m[K
      |          [01;31m[K^~~~~~~~~~~[m[K
compilation terminated.
gmake[2]: *** [CMakeFiles/disparity_conv.dir/build.make:76: CMakeFiles/disparity_conv.dir/src/disparity_conv.cpp.o] Error 1
gmake[1]: *** [CMakeFiles/Makefile2:137: CMakeFiles/disparity_conv.dir/all] Error 2
gmake: *** [Makefile:101: all] Error 2
