[0.011s] Invoking command in '/root/AirStack/build/disparity_expansion': /usr/bin/cmake --build /root/AirStack/build/disparity_expansion -- -j12 -l12
[0.073s] [ 50%] [32mBuilding CXX object CMakeFiles/disparity_conv.dir/src/disparity_conv.cpp.o[0m
[0.406s] In file included from [01m[K/root/AirStack/ros_ws/src/robot/autonomy/planning/local/disparity_expansion/src/disparity_conv.cpp:42[m[K:
[0.406s] [01m[K/opt/ros/humble/include/pcl_ros/point_cloud.hpp:45:10:[m[K [01;31m[Kfatal error: [m[Kros/ros.h: No such file or directory
[0.406s]    45 | #include [01;31m[K<ros/ros.h>[m[K
[0.406s]       |          [01;31m[K^~~~~~~~~~~[m[K
[0.406s] compilation terminated.
[0.415s] gmake[2]: *** [CMakeFiles/disparity_conv.dir/build.make:76: CMakeFiles/disparity_conv.dir/src/disparity_conv.cpp.o] Error 1
[0.416s] gmake[1]: *** [CMakeFiles/Makefile2:137: CMakeFiles/disparity_conv.dir/all] Error 2
[0.416s] gmake: *** [Makefile:101: all] Error 2
[0.420s] Invoked command in '/root/AirStack/build/disparity_expansion' returned '2': /usr/bin/cmake --build /root/AirStack/build/disparity_expansion -- -j12 -l12
