<?xml version="1.0" encoding="utf-8"?><testsuites name="pytest tests"><testsuite name="pytest" errors="0" failures="0" skipped="0" tests="4" time="154.965" timestamp="2026-08-20T17:29:33.283140-04:00" hostname="wildfire-inferno"><testcase classname="system.test_takeoff_hover_land.TestTakeoffHoverLand" name="test_px4_ready[isaacsim-rob#1-v0.5-iter0]" time="86.481" /><testcase classname="system.test_takeoff_hover_land.TestTakeoffHoverLand" name="test_takeoff[isaacsim-rob#1-v0.5-iter0]" time="20.650" /><testcase classname="system.test_takeoff_hover_land.TestTakeoffHoverLand" name="test_hover[isaacsim-rob#1-v0.5-iter0]" time="10.045" /><testcase classname="system.test_takeoff_hover_land.TestTakeoffHoverLand" name="test_landing[isaacsim-rob#1-v0.5-iter0]" time="37.350" /></testsuite></testsuites>