<?xml version="1.0" encoding="utf-8"?><testsuites name="pytest tests"><testsuite name="pytest" errors="0" failures="0" skipped="0" tests="16" time="901.361" timestamp="2026-08-20T08:55:53.018772+00:00" hostname="wildfire-inferno"><testcase classname="system.test_liveliness.TestLiveliness" name="test_robot_containers_running[isaacsim-rob#1-iter0]" time="0.972" /><testcase classname="system.test_liveliness.TestLiveliness" name="test_sim_container_running[isaacsim-rob#1-iter0]" time="0.012" /><testcase classname="system.test_liveliness.TestLiveliness" name="test_gcs_container_running[isaacsim-rob#1-iter0]" time="0.021" /><testcase classname="system.test_liveliness.TestLiveliness" name="test_sim_ready_time[isaacsim-rob#1-iter0]" time="76.030" /><testcase classname="system.test_liveliness.TestLiveliness" name="test_tmux_panes_have_expected_processes[isaacsim-rob#1-iter0]" time="0.071" /><testcase classname="system.test_liveliness.TestLiveliness" name="test_compute_usage[isaacsim-rob#1-iter0]" time="2.578" /><testcase classname="system.test_liveliness.TestLiveliness" name="test_sentinel_nodes_present[isaacsim-rob#1-iter0]" time="6.824" /><testcase classname="system.test_liveliness.TestLiveliness" name="test_stable[isaacsim-rob#1-iter0]" time="169.397" /><testcase classname="system.test_sensors.TestSensors" name="test_sim_clock_available[isaacsim-rob#1-iter0]" time="73.753" /><testcase classname="system.test_sensors.TestSensors" name="test_sentinel_nodes_present[isaacsim-rob#1-iter0]" time="6.733" /><testcase classname="system.test_sensors.TestSensors" name="test_sim_topic_publish_rates[isaacsim-rob#1-iter0]" time="31.232" /><testcase classname="system.test_sensors.TestSensors" name="test_robot_stereo_bridge_rates[isaacsim-rob#1-iter0]" time="20.858" /><testcase classname="system.test_sensors.TestSensors" name="test_robot_filtered_lidar_stream[isaacsim-rob#1-iter0]" time="3.642" /><testcase classname="system.test_sensors.TestSensors" name="test_sim_clock_realtime_factor[isaacsim-rob#1-iter0]" time="24.819" /><testcase classname="system.test_sensors.TestSensors" name="test_lidar_filtered_cloud_sanity[isaacsim-rob#1-iter0]" time="3.620" /><testcase classname="system.test_sensors.TestSensors" name="test_sensor_streams_stable[isaacsim-rob#1-iter0]" time="480.088" /></testsuite></testsuites>