<?xml version="1.0" encoding="utf-8"?><testsuites name="pytest tests"><testsuite name="pytest" errors="0" failures="0" skipped="0" tests="6" time="188.042" timestamp="2026-08-20T19:38:31.340202-04:00" hostname="wildfire-inferno"><testcase classname="system.test_optitrack_e2e.TestOptitrackE2E" name="test_natnet_pose_alive" time="80.916" /><testcase classname="system.test_optitrack_e2e.TestOptitrackE2E" name="test_ev_params_applied" time="8.743" /><testcase classname="system.test_optitrack_e2e.TestOptitrackE2E" name="test_px4_fuses_vision" time="1.195" /><testcase classname="system.test_optitrack_e2e.TestOptitrackE2E" name="test_takeoff" time="20.446" /><testcase classname="system.test_optitrack_e2e.TestOptitrackE2E" name="test_circle_trajectory" time="47.825" /><testcase classname="system.test_optitrack_e2e.TestOptitrackE2E" name="test_landing" time="28.658" /></testsuite></testsuites>