<?xml version="1.0" encoding="utf-8"?><testsuites name="pytest tests"><testsuite name="pytest" errors="0" failures="0" skipped="0" tests="4" time="142.596" timestamp="2026-08-03T21:54:30.694260+00:00" hostname="airstation-02"><testcase classname="system.test_fixed_trajectory.TestFixedTrajectory" name="test_px4_ready[isaacsim-rob#1-trajCircle-iter0]" time="92.188" /><testcase classname="system.test_fixed_trajectory.TestFixedTrajectory" name="test_takeoff[isaacsim-rob#1-trajCircle-iter0]" time="8.162" /><testcase classname="system.test_fixed_trajectory.TestFixedTrajectory" name="test_fixed_trajectory[isaacsim-rob#1-trajCircle-iter0]" time="22.047" /><testcase classname="system.test_fixed_trajectory.TestFixedTrajectory" name="test_landing[isaacsim-rob#1-trajCircle-iter0]" time="19.901" /></testsuite></testsuites>