<?xml version="1.0" encoding="utf-8"?><testsuites name="pytest tests"><testsuite name="pytest" errors="0" failures="0" skipped="0" tests="2" time="63.785" timestamp="2026-08-20T20:58:56.908003+00:00" hostname="wildfire-inferno"><testcase classname="system.test_wiring_snapshot.TestWiringSnapshot" name="test_sentinel_nodes_present[isaacsim-rob#1-iter0]" time="14.435" /><testcase classname="system.test_wiring_snapshot.TestWiringSnapshot" name="test_wiring_matches_golden[isaacsim-rob#1-iter0]" time="48.570" /></testsuite></testsuites>