<?xml version="1.0" encoding="utf-8"?><testsuites name="pytest tests"><testsuite name="pytest" errors="0" failures="0" skipped="0" tests="40" time="1461.957" timestamp="2026-08-03T23:37:14.933708+00:00" hostname="airstation-02"><testcase classname="system.test_fixed_trajectory.TestFixedTrajectory" name="test_px4_ready[isaacsim-rob#1-trajCircle-iter0]" time="91.943" /><testcase classname="system.test_fixed_trajectory.TestFixedTrajectory" name="test_takeoff[isaacsim-rob#1-trajCircle-iter0]" time="10.276" /><testcase classname="system.test_fixed_trajectory.TestFixedTrajectory" name="test_fixed_trajectory[isaacsim-rob#1-trajCircle-iter0]" time="23.038" /><testcase classname="system.test_fixed_trajectory.TestFixedTrajectory" name="test_landing[isaacsim-rob#1-trajCircle-iter0]" time="8.519" /><testcase classname="system.test_fixed_trajectory.TestFixedTrajectory" name="test_px4_ready[isaacsim-rob#1-trajCircle-iter1]" time="105.083" /><testcase classname="system.test_fixed_trajectory.TestFixedTrajectory" name="test_takeoff[isaacsim-rob#1-trajCircle-iter1]" time="9.469" /><testcase classname="system.test_fixed_trajectory.TestFixedTrajectory" name="test_fixed_trajectory[isaacsim-rob#1-trajCircle-iter1]" time="23.547" /><testcase classname="system.test_fixed_trajectory.TestFixedTrajectory" name="test_landing[isaacsim-rob#1-trajCircle-iter1]" time="10.361" /><testcase classname="system.test_fixed_trajectory.TestFixedTrajectory" name="test_px4_ready[isaacsim-rob#1-trajCircle-iter2]" time="104.727" /><testcase classname="system.test_fixed_trajectory.TestFixedTrajectory" name="test_takeoff[isaacsim-rob#1-trajCircle-iter2]" time="13.821" /><testcase classname="system.test_fixed_trajectory.TestFixedTrajectory" name="test_fixed_trajectory[isaacsim-rob#1-trajCircle-iter2]" time="21.967" /><testcase classname="system.test_fixed_trajectory.TestFixedTrajectory" name="test_landing[isaacsim-rob#1-trajCircle-iter2]" time="9.466" /><testcase classname="system.test_fixed_trajectory.TestFixedTrajectory" name="test_px4_ready[isaacsim-rob#1-trajCircle-iter3]" time="107.745" /><testcase classname="system.test_fixed_trajectory.TestFixedTrajectory" name="test_takeoff[isaacsim-rob#1-trajCircle-iter3]" time="9.293" /><testcase classname="system.test_fixed_trajectory.TestFixedTrajectory" name="test_fixed_trajectory[isaacsim-rob#1-trajCircle-iter3]" time="22.945" /><testcase classname="system.test_fixed_trajectory.TestFixedTrajectory" name="test_landing[isaacsim-rob#1-trajCircle-iter3]" time="11.084" /><testcase classname="system.test_fixed_trajectory.TestFixedTrajectory" name="test_px4_ready[isaacsim-rob#1-trajCircle-iter4]" time="107.793" /><testcase classname="system.test_fixed_trajectory.TestFixedTrajectory" name="test_takeoff[isaacsim-rob#1-trajCircle-iter4]" time="9.074" /><testcase classname="system.test_fixed_trajectory.TestFixedTrajectory" name="test_fixed_trajectory[isaacsim-rob#1-trajCircle-iter4]" time="21.698" /><testcase classname="system.test_fixed_trajectory.TestFixedTrajectory" name="test_landing[isaacsim-rob#1-trajCircle-iter4]" time="9.299" /><testcase classname="system.test_fixed_trajectory.TestFixedTrajectory" name="test_px4_ready[isaacsim-rob#1-trajCircle-iter5]" time="104.069" /><testcase classname="system.test_fixed_trajectory.TestFixedTrajectory" name="test_takeoff[isaacsim-rob#1-trajCircle-iter5]" time="9.502" /><testcase classname="system.test_fixed_trajectory.TestFixedTrajectory" name="test_fixed_trajectory[isaacsim-rob#1-trajCircle-iter5]" time="22.221" /><testcase classname="system.test_fixed_trajectory.TestFixedTrajectory" name="test_landing[isaacsim-rob#1-trajCircle-iter5]" time="9.505" /><testcase classname="system.test_fixed_trajectory.TestFixedTrajectory" name="test_px4_ready[isaacsim-rob#1-trajCircle-iter6]" time="104.559" /><testcase classname="system.test_fixed_trajectory.TestFixedTrajectory" name="test_takeoff[isaacsim-rob#1-trajCircle-iter6]" time="8.495" /><testcase classname="system.test_fixed_trajectory.TestFixedTrajectory" name="test_fixed_trajectory[isaacsim-rob#1-trajCircle-iter6]" time="20.963" /><testcase classname="system.test_fixed_trajectory.TestFixedTrajectory" name="test_landing[isaacsim-rob#1-trajCircle-iter6]" time="8.129" /><testcase classname="system.test_fixed_trajectory.TestFixedTrajectory" name="test_px4_ready[isaacsim-rob#1-trajCircle-iter7]" time="101.921" /><testcase classname="system.test_fixed_trajectory.TestFixedTrajectory" name="test_takeoff[isaacsim-rob#1-trajCircle-iter7]" time="10.263" /><testcase classname="system.test_fixed_trajectory.TestFixedTrajectory" name="test_fixed_trajectory[isaacsim-rob#1-trajCircle-iter7]" time="21.225" /><testcase classname="system.test_fixed_trajectory.TestFixedTrajectory" name="test_landing[isaacsim-rob#1-trajCircle-iter7]" time="9.092" /><testcase classname="system.test_fixed_trajectory.TestFixedTrajectory" name="test_px4_ready[isaacsim-rob#1-trajCircle-iter8]" time="105.289" /><testcase classname="system.test_fixed_trajectory.TestFixedTrajectory" name="test_takeoff[isaacsim-rob#1-trajCircle-iter8]" time="11.547" /><testcase classname="system.test_fixed_trajectory.TestFixedTrajectory" name="test_fixed_trajectory[isaacsim-rob#1-trajCircle-iter8]" time="21.261" /><testcase classname="system.test_fixed_trajectory.TestFixedTrajectory" name="test_landing[isaacsim-rob#1-trajCircle-iter8]" time="10.466" /><testcase classname="system.test_fixed_trajectory.TestFixedTrajectory" name="test_px4_ready[isaacsim-rob#1-trajCircle-iter9]" time="100.756" /><testcase classname="system.test_fixed_trajectory.TestFixedTrajectory" name="test_takeoff[isaacsim-rob#1-trajCircle-iter9]" time="10.368" /><testcase classname="system.test_fixed_trajectory.TestFixedTrajectory" name="test_fixed_trajectory[isaacsim-rob#1-trajCircle-iter9]" time="21.294" /><testcase classname="system.test_fixed_trajectory.TestFixedTrajectory" name="test_landing[isaacsim-rob#1-trajCircle-iter9]" time="19.571" /></testsuite></testsuites>