<?xml version="1.0" encoding="utf-8"?><testsuites name="pytest tests"><testsuite name="pytest" errors="0" failures="0" skipped="0" tests="4" time="145.960" timestamp="2026-08-03T23:34:47.900270+00:00" hostname="airstation-02"><testcase classname="system.test_fixed_trajectory.TestFixedTrajectory" name="test_px4_ready[isaacsim-rob#1-trajCircle-iter0]" time="92.479" /><testcase classname="system.test_fixed_trajectory.TestFixedTrajectory" name="test_takeoff[isaacsim-rob#1-trajCircle-iter0]" time="9.841" /><testcase classname="system.test_fixed_trajectory.TestFixedTrajectory" name="test_fixed_trajectory[isaacsim-rob#1-trajCircle-iter0]" time="23.563" /><testcase classname="system.test_fixed_trajectory.TestFixedTrajectory" name="test_landing[isaacsim-rob#1-trajCircle-iter0]" time="19.789" /></testsuite></testsuites>