<?xml version="1.0" encoding="utf-8"?><testsuites name="pytest tests"><testsuite name="pytest" errors="0" failures="0" skipped="0" tests="4" time="180.876" timestamp="2026-08-03T20:20:12.558252+00:00" hostname="airstation-02"><testcase classname="system.test_fixed_trajectory.TestFixedTrajectory" name="test_px4_ready[isaacsim-rob#1-trajCircle-iter0]" time="102.550" /><testcase classname="system.test_fixed_trajectory.TestFixedTrajectory" name="test_takeoff[isaacsim-rob#1-trajCircle-iter0]" time="15.184" /><testcase classname="system.test_fixed_trajectory.TestFixedTrajectory" name="test_fixed_trajectory[isaacsim-rob#1-trajCircle-iter0]" time="37.297" /><testcase classname="system.test_fixed_trajectory.TestFixedTrajectory" name="test_landing[isaacsim-rob#1-trajCircle-iter0]" time="25.561" /></testsuite></testsuites>