<?xml version="1.0" encoding="utf-8"?><testsuites name="pytest tests"><testsuite name="pytest" errors="0" failures="0" skipped="0" tests="8" time="328.747" timestamp="2026-08-20T09:10:55.518979+00:00" hostname="wildfire-inferno"><testcase classname="system.test_takeoff_hover_land.TestTakeoffHoverLand" name="test_px4_ready[isaacsim-rob#1-v1.0-iter0]" time="89.526" /><testcase classname="system.test_takeoff_hover_land.TestTakeoffHoverLand" name="test_takeoff[isaacsim-rob#1-v1.0-iter0]" time="15.962" /><testcase classname="system.test_takeoff_hover_land.TestTakeoffHoverLand" name="test_hover[isaacsim-rob#1-v1.0-iter0]" time="10.030" /><testcase classname="system.test_takeoff_hover_land.TestTakeoffHoverLand" name="test_landing[isaacsim-rob#1-v1.0-iter0]" time="14.964" /><testcase classname="system.test_takeoff_hover_land.TestTakeoffHoverLand" name="test_px4_ready[isaacsim-rob#3-v1.0-iter0]" time="114.703" /><testcase classname="system.test_takeoff_hover_land.TestTakeoffHoverLand" name="test_takeoff[isaacsim-rob#3-v1.0-iter0]" time="27.609" /><testcase classname="system.test_takeoff_hover_land.TestTakeoffHoverLand" name="test_hover[isaacsim-rob#3-v1.0-iter0]" time="10.046" /><testcase classname="system.test_takeoff_hover_land.TestTakeoffHoverLand" name="test_landing[isaacsim-rob#3-v1.0-iter0]" time="45.199" /></testsuite></testsuites>