<?xml version="1.0" encoding="utf-8"?><testsuites name="pytest tests"><testsuite name="pytest" errors="0" failures="0" skipped="0" tests="16" time="855.950" timestamp="2026-08-20T08:17:06.638808+00:00" hostname="wildfire-inferno"><testcase classname="system.test_liveliness.TestLiveliness" name="test_robot_containers_running[isaacsim-rob#1-iter0]" time="11.514" /><testcase classname="system.test_liveliness.TestLiveliness" name="test_sim_container_running[isaacsim-rob#1-iter0]" time="0.012" /><testcase classname="system.test_liveliness.TestLiveliness" name="test_gcs_container_running[isaacsim-rob#1-iter0]" time="0.022" /><testcase classname="system.test_liveliness.TestLiveliness" name="test_sim_ready_time[isaacsim-rob#1-iter0]" time="19.341" /><testcase classname="system.test_liveliness.TestLiveliness" name="test_tmux_panes_have_expected_processes[isaacsim-rob#1-iter0]" time="0.112" /><testcase classname="system.test_liveliness.TestLiveliness" name="test_compute_usage[isaacsim-rob#1-iter0]" time="2.622" /><testcase classname="system.test_liveliness.TestLiveliness" name="test_sentinel_nodes_present[isaacsim-rob#1-iter0]" time="1.495" /><testcase classname="system.test_liveliness.TestLiveliness" name="test_stable[isaacsim-rob#1-iter0]" time="170.364" /><testcase classname="system.test_sensors.TestSensors" name="test_sim_clock_available[isaacsim-rob#1-iter0]" time="79.840" /><testcase classname="system.test_sensors.TestSensors" name="test_sentinel_nodes_present[isaacsim-rob#1-iter0]" time="6.804" /><testcase classname="system.test_sensors.TestSensors" name="test_sim_topic_publish_rates[isaacsim-rob#1-iter0]" time="31.348" /><testcase classname="system.test_sensors.TestSensors" name="test_robot_stereo_bridge_rates[isaacsim-rob#1-iter0]" time="20.846" /><testcase classname="system.test_sensors.TestSensors" name="test_robot_filtered_lidar_stream[isaacsim-rob#1-iter0]" time="2.681" /><testcase classname="system.test_sensors.TestSensors" name="test_sim_clock_realtime_factor[isaacsim-rob#1-iter0]" time="23.124" /><testcase classname="system.test_sensors.TestSensors" name="test_lidar_filtered_cloud_sanity[isaacsim-rob#1-iter0]" time="6.972" /><testcase classname="system.test_sensors.TestSensors" name="test_sensor_streams_stable[isaacsim-rob#1-iter0]" time="478.057" /></testsuite></testsuites>