<?xml version="1.0" encoding="utf-8"?><testsuites name="pytest tests"><testsuite name="pytest" errors="0" failures="0" skipped="0" tests="4" time="151.762" timestamp="2026-08-21T03:11:04.859535+00:00" hostname="wildfire-inferno"><testcase classname="system.test_takeoff_hover_land.TestTakeoffHoverLand" name="test_px4_ready[isaacsim-rob#1-v0.5-iter0]" time="85.379" /><testcase classname="system.test_takeoff_hover_land.TestTakeoffHoverLand" name="test_takeoff[isaacsim-rob#1-v0.5-iter0]" time="22.739" /><testcase classname="system.test_takeoff_hover_land.TestTakeoffHoverLand" name="test_hover[isaacsim-rob#1-v0.5-iter0]" time="10.036" /><testcase classname="system.test_takeoff_hover_land.TestTakeoffHoverLand" name="test_landing[isaacsim-rob#1-v0.5-iter0]" time="33.148" /></testsuite></testsuites>