<?xml version="1.0" encoding="utf-8"?><testsuites name="pytest tests"><testsuite name="pytest" errors="0" failures="0" skipped="0" tests="8" time="327.985" timestamp="2026-08-20T08:31:23.780226+00:00" hostname="wildfire-inferno"><testcase classname="system.test_takeoff_hover_land.TestTakeoffHoverLand" name="test_px4_ready[isaacsim-rob#1-v1.0-iter0]" time="90.925" /><testcase classname="system.test_takeoff_hover_land.TestTakeoffHoverLand" name="test_takeoff[isaacsim-rob#1-v1.0-iter0]" time="13.823" /><testcase classname="system.test_takeoff_hover_land.TestTakeoffHoverLand" name="test_hover[isaacsim-rob#1-v1.0-iter0]" time="10.037" /><testcase classname="system.test_takeoff_hover_land.TestTakeoffHoverLand" name="test_landing[isaacsim-rob#1-v1.0-iter0]" time="13.932" /><testcase classname="system.test_takeoff_hover_land.TestTakeoffHoverLand" name="test_px4_ready[isaacsim-rob#3-v1.0-iter0]" time="114.326" /><testcase classname="system.test_takeoff_hover_land.TestTakeoffHoverLand" name="test_takeoff[isaacsim-rob#3-v1.0-iter0]" time="29.075" /><testcase classname="system.test_takeoff_hover_land.TestTakeoffHoverLand" name="test_hover[isaacsim-rob#3-v1.0-iter0]" time="10.039" /><testcase classname="system.test_takeoff_hover_land.TestTakeoffHoverLand" name="test_landing[isaacsim-rob#3-v1.0-iter0]" time="45.120" /></testsuite></testsuites>